<?xml version="1.0" encoding="UTF-8"?>
<!-- Generated by org.testng.reporters.JUnitReportReporter -->
<testsuite hostname="Diaas-MBP" failures="0" tests="1" name="com.amazon.tests.AmazonTest" time="78.757" errors="0" timestamp="2025-02-07T23:48:18 AST" skipped="0">
  <testcase classname="com.amazon.tests.AmazonTest" name="testAmazonShoppingFlow" time="78.757"/>
</testsuite> <!-- com.amazon.tests.AmazonTest -->
